2026-02-09T11:36:07.402627Z DEBUG ralph_core::config: Loading configuration from file path=ralph.yml
2026-02-09T11:36:07.402741Z DEBUG ralph_core::config: Configuration loaded backend=opencode has_v1_fields=false custom_hats=0
2026-02-09T11:36:07.402766Z DEBUG keyring: creating entry with service ralph, user telegram-bot-token, and no target
2026-02-09T11:36:07.402781Z DEBUG keyring: created entry KeyutilsCredential { session: KeyRing { id: KeySerialId(614259931) }, persistent: Some(KeyRing { id: KeySerialId(625771651) }), description: "keyring-rs:telegram-bot-token@ralph" }
2026-02-09T11:36:07.402788Z DEBUG keyring: get password from entry KeyutilsCredential { session: KeyRing { id: KeySerialId(614259931) }, persistent: Some(KeyRing { id: KeySerialId(625771651) }), description: "keyring-rs:telegram-bot-token@ralph" }
2026-02-09T11:36:07.405899Z DEBUG ralph_core::loop_lock: Acquired loop lock at /home/davide/code/tmp/YtReader/.ralph/loop.lock
2026-02-09T11:36:07.405926Z DEBUG ralph: Acquired loop lock, running as primary loop
2026-02-09T11:36:07.405958Z DEBUG ralph::process_management: Skipping setpgid: keeping foreground process group 38909
2026-02-09T11:36:07.405964Z DEBUG ralph::loop_runner: Resolving prompt content inline_prompt=None prompt_file=PROMPT.md
2026-02-09T11:36:07.405970Z DEBUG ralph::loop_runner: Checking prompt file path=PROMPT.md exists=true
2026-02-09T11:36:07.405988Z DEBUG ralph::loop_runner: Read prompt from file path=PROMPT.md len=1309
2026-02-09T11:36:07.406094Z DEBUG ralph::loop_runner: Wrote loop ID marker file loop_id=primary-20260209-113607 marker="/home/davide/code/tmp/YtReader/.ralph/current-loop-id"
2026-02-09T11:36:07.406181Z DEBUG ralph::loop_runner: Created events file for this run: .ralph/events-20260209-113607.jsonl
2026-02-09T11:36:07.406205Z DEBUG ralph_core::event_loop: Solo mode: Ralph is the only coordinator
2026-02-09T11:36:07.406274Z DEBUG keyring: creating entry with service ralph, user telegram-bot-token, and no target
2026-02-09T11:36:07.406289Z DEBUG keyring: created entry KeyutilsCredential { session: KeyRing { id: KeySerialId(614259931) }, persistent: Some(KeyRing { id: KeySerialId(625771651) }), description: "keyring-rs:telegram-bot-token@ralph" }
2026-02-09T11:36:07.406295Z DEBUG keyring: get password from entry KeyutilsCredential { session: KeyRing { id: KeySerialId(614259931) }, persistent: Some(KeyRing { id: KeySerialId(625771651) }), description: "keyring-rs:telegram-bot-token@ralph" }
2026-02-09T11:36:07.406440Z  INFO ralph_telegram::service: Telegram service starting bot_token=8028...3q6I workspace=/home/davide/code/tmp/YtReader timeout_secs=120
2026-02-09T11:36:07.406626Z DEBUG reqwest::connect: starting new connection: https://api.telegram.org/
2026-02-09T11:36:07.406785Z DEBUG reqwest::connect: starting new connection: https://api.telegram.org/
2026-02-09T11:36:07.406796Z DEBUG hyper::client::connect::dns: resolving host="api.telegram.org"
2026-02-09T11:36:07.406949Z DEBUG hyper::client::connect::dns: resolving host="api.telegram.org"
2026-02-09T11:36:07.407792Z DEBUG hyper::client::connect::http: connecting to 149.154.166.110:443
2026-02-09T11:36:07.407946Z DEBUG hyper::client::connect::http: connecting to 149.154.166.110:443
2026-02-09T11:36:07.440660Z DEBUG hyper::client::connect::http: connected to 149.154.166.110:443
2026-02-09T11:36:07.440711Z DEBUG hyper::client::connect::http: connected to 149.154.166.110:443
2026-02-09T11:36:07.440806Z DEBUG rustls::client::hs: No cached session for DnsName("api.telegram.org")
2026-02-09T11:36:07.440868Z DEBUG rustls::client::hs: No cached session for DnsName("api.telegram.org")
2026-02-09T11:36:07.441138Z DEBUG rustls::client::hs: Not resuming any session
2026-02-09T11:36:07.441145Z DEBUG rustls::client::hs: Not resuming any session
2026-02-09T11:36:07.472735Z DEBUG rustls::client::hs: Using ciphersuite TLS13_AES_256_GCM_SHA384
2026-02-09T11:36:07.472859Z DEBUG rustls::client::tls13: Not resuming
2026-02-09T11:36:07.473578Z DEBUG rustls::client::tls13: TLS1.3 encrypted extensions: [ServerNameAck, Protocols([ProtocolName(6832)])]
2026-02-09T11:36:07.473691Z DEBUG rustls::client::hs: ALPN protocol is Some(b"h2")
2026-02-09T11:36:07.475603Z DEBUG rustls::client::hs: Using ciphersuite TLS13_AES_256_GCM_SHA384
2026-02-09T11:36:07.475690Z DEBUG rustls::client::tls13: Not resuming
2026-02-09T11:36:07.476284Z DEBUG rustls::client::tls13: TLS1.3 encrypted extensions: [ServerNameAck, Protocols([ProtocolName(6832)])]
2026-02-09T11:36:07.476323Z DEBUG rustls::client::hs: ALPN protocol is Some(b"h2")
2026-02-09T11:36:07.476415Z DEBUG h2::client: binding client connection
2026-02-09T11:36:07.476458Z DEBUG h2::client: client connection bound
2026-02-09T11:36:07.476511Z DEBUG h2::codec::framed_write: send frame=Settings { flags: (0x0), enable_push: 0, initial_window_size: 2097152, max_frame_size: 16384 }
2026-02-09T11:36:07.476823Z DEBUG Connection{peer=Client}: h2::codec::framed_write: send frame=WindowUpdate { stream_id: StreamId(0), size_increment: 5177345 }
2026-02-09T11:36:07.477181Z DEBUG hyper::client::pool: pooling idle connection for ("https", api.telegram.org)
2026-02-09T11:36:07.477521Z DEBUG Connection{peer=Client}: h2::codec::framed_write: send frame=Headers { stream_id: StreamId(1), flags: (0x4: END_HEADERS) }
2026-02-09T11:36:07.477579Z DEBUG Connection{peer=Client}: h2::codec::framed_write: send frame=Data { stream_id: StreamId(1), flags: (0x1: END_STREAM) }
2026-02-09T11:36:07.478394Z DEBUG h2::client: binding client connection
2026-02-09T11:36:07.478431Z DEBUG h2::client: client connection bound
2026-02-09T11:36:07.478455Z DEBUG h2::codec::framed_write: send frame=Settings { flags: (0x0), enable_push: 0, initial_window_size: 2097152, max_frame_size: 16384 }
2026-02-09T11:36:07.478548Z DEBUG hyper::client::pool: pooling idle connection for ("https", api.telegram.org)
2026-02-09T11:36:07.478625Z DEBUG Connection{peer=Client}: h2::codec::framed_write: send frame=WindowUpdate { stream_id: StreamId(0), size_increment: 5177345 }
2026-02-09T11:36:07.478649Z DEBUG Connection{peer=Client}: h2::codec::framed_write: send frame=Headers { stream_id: StreamId(1), flags: (0x4: END_HEADERS) }
2026-02-09T11:36:07.478675Z DEBUG Connection{peer=Client}: h2::codec::framed_write: send frame=Data { stream_id: StreamId(1), flags: (0x1: END_STREAM) }
2026-02-09T11:36:07.508563Z DEBUG Connection{peer=Client}: h2::codec::framed_read: received frame=Settings { flags: (0x0), max_concurrent_streams: 128, initial_window_size: 65536, max_frame_size: 16777215 }
2026-02-09T11:36:07.508715Z DEBUG Connection{peer=Client}: h2::codec::framed_write: send frame=Settings { flags: (0x1: ACK) }
2026-02-09T11:36:07.508739Z DEBUG Connection{peer=Client}: h2::codec::framed_read: received frame=WindowUpdate { stream_id: StreamId(0), size_increment: 2147418112 }
2026-02-09T11:36:07.508757Z DEBUG Connection{peer=Client}: h2::codec::framed_read: received frame=Settings { flags: (0x1: ACK) }
2026-02-09T11:36:07.508768Z DEBUG Connection{peer=Client}: h2::proto::settings: received settings ACK; applying Settings { flags: (0x0), enable_push: 0, initial_window_size: 2097152, max_frame_size: 16384 }
2026-02-09T11:36:07.508785Z DEBUG Connection{peer=Client}: h2::codec::framed_read: received frame=WindowUpdate { stream_id: StreamId(1), size_increment: 2147418111 }
2026-02-09T11:36:07.510193Z DEBUG Connection{peer=Client}: h2::codec::framed_read: received frame=Settings { flags: (0x0), max_concurrent_streams: 128, initial_window_size: 65536, max_frame_size: 16777215 }
2026-02-09T11:36:07.510529Z DEBUG Connection{peer=Client}: h2::codec::framed_write: send frame=Settings { flags: (0x1: ACK) }
2026-02-09T11:36:07.510604Z DEBUG Connection{peer=Client}: h2::codec::framed_read: received frame=WindowUpdate { stream_id: StreamId(0), size_increment: 2147418112 }
2026-02-09T11:36:07.510626Z DEBUG Connection{peer=Client}: h2::codec::framed_read: received frame=Settings { flags: (0x1: ACK) }
2026-02-09T11:36:07.510637Z DEBUG Connection{peer=Client}: h2::proto::settings: received settings ACK; applying Settings { flags: (0x0), enable_push: 0, initial_window_size: 2097152, max_frame_size: 16384 }
2026-02-09T11:36:07.510652Z DEBUG Connection{peer=Client}: h2::codec::framed_read: received frame=WindowUpdate { stream_id: StreamId(1), size_increment: 2147418111 }
2026-02-09T11:36:07.521466Z DEBUG Connection{peer=Client}: h2::codec::framed_read: received frame=Headers { stream_id: StreamId(1), flags: (0x4: END_HEADERS) }
2026-02-09T11:36:07.521626Z DEBUG Connection{peer=Client}: h2::codec::framed_read: received frame=Data { stream_id: StreamId(1), flags: (0x1: END_STREAM) }
2026-02-09T11:36:07.521804Z  INFO ralph_telegram::service: Registered bot commands with Telegram API
2026-02-09T11:36:07.521811Z  INFO ralph_telegram::service: Telegram polling task started loop_id=main
2026-02-09T11:36:07.521874Z DEBUG hyper::client::pool: reuse idle connection for ("https", api.telegram.org)
2026-02-09T11:36:07.521958Z DEBUG Connection{peer=Client}: h2::codec::framed_write: send frame=Headers { stream_id: StreamId(3), flags: (0x4: END_HEADERS) }
2026-02-09T11:36:07.521990Z DEBUG Connection{peer=Client}: h2::codec::framed_write: send frame=Data { stream_id: StreamId(3), flags: (0x1: END_STREAM) }
2026-02-09T11:36:07.540266Z DEBUG Connection{peer=Client}: h2::codec::framed_read: received frame=Headers { stream_id: StreamId(1), flags: (0x4: END_HEADERS) }
2026-02-09T11:36:07.540311Z DEBUG Connection{peer=Client}: h2::codec::framed_read: received frame=Data { stream_id: StreamId(1), flags: (0x1: END_STREAM) }
2026-02-09T11:36:07.540917Z  INFO ralph_telegram::service: Sent greeting to chat 297904643
2026-02-09T11:36:07.540950Z  INFO ralph_telegram::service: Telegram service started — polling for incoming messages
2026-02-09T11:36:07.540958Z  INFO ralph::loop_runner: Robot human-in-the-loop service active bot_token=8028...3q6I timeout_secs=120
2026-02-09T11:36:07.540976Z DEBUG ralph_core::event_loop: Published task.start event topic="task.start"
2026-02-09T11:36:07.541197Z DEBUG ralph_core::event_logger: Event logged topic=task.start iteration=0
2026-02-09T11:36:07.555482Z DEBUG Connection{peer=Client}: h2::codec::framed_read: received frame=WindowUpdate { stream_id: StreamId(3), size_increment: 2147418111 }
2026-02-09T11:36:07.642573Z DEBUG ralph::loop_runner: Execution mode configured execution_mode=autonomous
2026-02-09T11:36:07.642784Z DEBUG ralph::loop_runner: Iteration 1/100 - ralph active
2026-02-09T11:36:07.642892Z  INFO ralph_core::event_loop: Memory injection check: enabled=true, inject=Auto, workspace_root="/home/davide/code/tmp/YtReader"
2026-02-09T11:36:07.642911Z  INFO ralph_core::event_loop: Looking for memories at: "/home/davide/code/tmp/YtReader/.ralph/agent/memories.md" (exists: false)
2026-02-09T11:36:07.642923Z  INFO ralph_core::event_loop: Successfully loaded 0 memories from store
2026-02-09T11:36:07.642928Z  INFO ralph_core::event_loop: Memory store is empty - no memories to inject
2026-02-09T11:36:07.642947Z DEBUG ralph_core::event_loop: Injected ralph-tools skill from registry
2026-02-09T11:36:07.642961Z DEBUG ralph_core::event_loop: Injected robot interaction skill from registry
2026-02-09T11:36:07.642984Z DEBUG ralph_core::event_loop: Scratchpad not found at "/home/davide/code/tmp/YtReader/.ralph/agent/scratchpad.md", skipping injection
2026-02-09T11:36:07.642999Z DEBUG ralph_core::event_loop: build_prompt: routing to HatlessRalph (solo mode)
2026-02-09T11:36:07.644123Z DEBUG ralph::loop_runner: Using global backend for 'ralph': opencode
2026-02-09T11:36:07.644449Z DEBUG ralph_adapters::cli_backend: Built CLI command command=opencode args_count=2 prompt_len=18126 interactive=false uses_stdin=false uses_temp_file=false
2026-02-09T11:36:07.647065Z DEBUG ralph_adapters::pty_executor: Spawning PTY output reader thread (streaming mode)
2026-02-09T11:36:08.883443Z  INFO ralph_tui::app: Ctrl+C detected, signaling main loop
2026-02-09T11:36:08.883569Z DEBUG ralph_adapters::pty_executor: Interrupt received in streaming observe mode, terminating
2026-02-09T11:36:08.883587Z DEBUG ralph_adapters::pty_executor: Sending SIGTERM pid=38941
2026-02-09T11:36:08.883634Z DEBUG ralph::loop_runner: Sending SIGTERM to process group 38909
2026-02-09T11:36:08.883842Z DEBUG ralph::loop_runner: SIGTERM received, terminating immediately...
2026-02-09T11:36:08.919779Z DEBUG ralph_adapters::pty_executor: PTY reader: EOF
