2026-02-09T14:40:35.552041Z  WARN ralph: Config file "presets/spec-driven.yml" not found, using defaults
2026-02-09T14:40:35.656116Z  INFO ralph_core::event_loop: Memory injection check: enabled=true, inject=Auto, workspace_root="/home/davide/code/tmp/YtReader"
2026-02-09T14:40:35.656157Z  INFO ralph_core::event_loop: Looking for memories at: "/home/davide/code/tmp/YtReader/.ralph/agent/memories.md" (exists: false)
2026-02-09T14:40:35.656171Z  INFO ralph_core::event_loop: Successfully loaded 0 memories from store
2026-02-09T14:40:35.656178Z  INFO ralph_core::event_loop: Memory store is empty - no memories to inject
2026-02-09T14:40:39.915033Z  INFO ralph_core::event_loop: Memory injection check: enabled=true, inject=Auto, workspace_root="/home/davide/code/tmp/YtReader"
2026-02-09T14:40:39.915067Z  INFO ralph_core::event_loop: Looking for memories at: "/home/davide/code/tmp/YtReader/.ralph/agent/memories.md" (exists: false)
2026-02-09T14:40:39.915079Z  INFO ralph_core::event_loop: Successfully loaded 0 memories from store
2026-02-09T14:40:39.915085Z  INFO ralph_core::event_loop: Memory store is empty - no memories to inject
2026-02-09T14:40:43.438650Z  INFO ralph_core::event_loop: Memory injection check: enabled=true, inject=Auto, workspace_root="/home/davide/code/tmp/YtReader"
2026-02-09T14:40:43.438706Z  INFO ralph_core::event_loop: Looking for memories at: "/home/davide/code/tmp/YtReader/.ralph/agent/memories.md" (exists: false)
2026-02-09T14:40:43.438727Z  INFO ralph_core::event_loop: Successfully loaded 0 memories from store
2026-02-09T14:40:43.438792Z  INFO ralph_core::event_loop: Memory store is empty - no memories to inject
2026-02-09T14:40:47.355414Z  INFO ralph_core::event_loop: Memory injection check: enabled=true, inject=Auto, workspace_root="/home/davide/code/tmp/YtReader"
2026-02-09T14:40:47.361539Z  INFO ralph_core::event_loop: Looking for memories at: "/home/davide/code/tmp/YtReader/.ralph/agent/memories.md" (exists: false)
2026-02-09T14:40:47.361582Z  INFO ralph_core::event_loop: Successfully loaded 0 memories from store
2026-02-09T14:40:47.361590Z  INFO ralph_core::event_loop: Memory store is empty - no memories to inject
2026-02-09T14:40:50.910390Z  INFO ralph_core::event_loop: Memory injection check: enabled=true, inject=Auto, workspace_root="/home/davide/code/tmp/YtReader"
2026-02-09T14:40:50.910446Z  INFO ralph_core::event_loop: Looking for memories at: "/home/davide/code/tmp/YtReader/.ralph/agent/memories.md" (exists: false)
2026-02-09T14:40:50.910467Z  INFO ralph_core::event_loop: Successfully loaded 0 memories from store
2026-02-09T14:40:50.910477Z  INFO ralph_core::event_loop: Memory store is empty - no memories to inject
2026-02-09T14:40:54.180331Z  INFO ralph_tui::app: Ctrl+C detected, signaling main loop
