2026-02-09T11:36:01.686650Z DEBUG ralph_core::config: Loading configuration from file path=ralph.yml
2026-02-09T11:36:01.688433Z DEBUG ralph_core::config: Configuration loaded backend=opencode has_v1_fields=false custom_hats=0
2026-02-09T11:36:01.688730Z DEBUG keyring: creating entry with service ralph, user telegram-bot-token, and no target
2026-02-09T11:36:01.688804Z DEBUG keyring: created entry KeyutilsCredential { session: KeyRing { id: KeySerialId(614259931) }, persistent: Some(KeyRing { id: KeySerialId(625771651) }), description: "keyring-rs:telegram-bot-token@ralph" }
2026-02-09T11:36:01.688816Z DEBUG keyring: get password from entry KeyutilsCredential { session: KeyRing { id: KeySerialId(614259931) }, persistent: Some(KeyRing { id: KeySerialId(625771651) }), description: "keyring-rs:telegram-bot-token@ralph" }
2026-02-09T11:36:01.688865Z  INFO ralph: Creating scratchpad directory: /home/davide/code/tmp/YtReader/.ralph/agent
2026-02-09T11:36:01.690711Z DEBUG ralph_core::loop_lock: Acquired loop lock at /home/davide/code/tmp/YtReader/.ralph/loop.lock
2026-02-09T11:36:01.690730Z DEBUG ralph: Acquired loop lock, running as primary loop
2026-02-09T11:36:01.690778Z DEBUG ralph::process_management: Skipping setpgid: keeping foreground process group 38636
2026-02-09T11:36:01.690788Z DEBUG ralph::loop_runner: Resolving prompt content inline_prompt=None prompt_file=PROMPT.md
2026-02-09T11:36:01.690799Z DEBUG ralph::loop_runner: Checking prompt file path=PROMPT.md exists=true
2026-02-09T11:36:01.690826Z DEBUG ralph::loop_runner: Read prompt from file path=PROMPT.md len=1309
2026-02-09T11:36:01.690997Z DEBUG ralph::loop_runner: Wrote loop ID marker file loop_id=primary-20260209-113601 marker="/home/davide/code/tmp/YtReader/.ralph/current-loop-id"
2026-02-09T11:36:01.691749Z DEBUG ralph::loop_runner: Created events file for this run: .ralph/events-20260209-113601.jsonl
2026-02-09T11:36:01.691956Z DEBUG ralph_core::event_loop: Solo mode: Ralph is the only coordinator
2026-02-09T11:36:01.692159Z DEBUG keyring: creating entry with service ralph, user telegram-bot-token, and no target
2026-02-09T11:36:01.692195Z DEBUG keyring: created entry KeyutilsCredential { session: KeyRing { id: KeySerialId(614259931) }, persistent: Some(KeyRing { id: KeySerialId(625771651) }), description: "keyring-rs:telegram-bot-token@ralph" }
2026-02-09T11:36:01.692212Z DEBUG keyring: get password from entry KeyutilsCredential { session: KeyRing { id: KeySerialId(614259931) }, persistent: Some(KeyRing { id: KeySerialId(625771651) }), description: "keyring-rs:telegram-bot-token@ralph" }
2026-02-09T11:36:01.695068Z  INFO ralph_telegram::service: Telegram service starting bot_token=8028...3q6I workspace=/home/davide/code/tmp/YtReader timeout_secs=120
2026-02-09T11:36:01.698432Z DEBUG reqwest::connect: starting new connection: https://api.telegram.org/
2026-02-09T11:36:01.698452Z DEBUG reqwest::connect: starting new connection: https://api.telegram.org/
2026-02-09T11:36:01.699298Z DEBUG hyper::client::connect::dns: resolving host="api.telegram.org"
2026-02-09T11:36:01.699301Z DEBUG hyper::client::connect::dns: resolving host="api.telegram.org"
2026-02-09T11:36:01.731859Z DEBUG hyper::client::connect::http: connecting to 149.154.166.110:443
2026-02-09T11:36:01.732014Z DEBUG hyper::client::connect::http: connecting to 149.154.166.110:443
2026-02-09T11:36:01.761324Z DEBUG hyper::client::connect::http: connected to 149.154.166.110:443
2026-02-09T11:36:01.761553Z DEBUG hyper::client::connect::http: connected to 149.154.166.110:443
2026-02-09T11:36:01.763627Z DEBUG rustls::client::hs: No cached session for DnsName("api.telegram.org")
2026-02-09T11:36:01.763711Z DEBUG rustls::client::hs: No cached session for DnsName("api.telegram.org")
2026-02-09T11:36:01.765508Z DEBUG rustls::client::hs: Not resuming any session
2026-02-09T11:36:01.765520Z DEBUG rustls::client::hs: Not resuming any session
2026-02-09T11:36:01.795717Z DEBUG rustls::client::hs: Using ciphersuite TLS13_AES_256_GCM_SHA384
2026-02-09T11:36:01.796446Z DEBUG rustls::client::tls13: Not resuming
2026-02-09T11:36:01.796923Z DEBUG rustls::client::hs: Using ciphersuite TLS13_AES_256_GCM_SHA384
2026-02-09T11:36:01.797107Z DEBUG rustls::client::tls13: Not resuming
2026-02-09T11:36:01.797842Z DEBUG rustls::client::tls13: TLS1.3 encrypted extensions: [ServerNameAck, Protocols([ProtocolName(6832)])]
2026-02-09T11:36:01.797889Z DEBUG rustls::client::hs: ALPN protocol is Some(b"h2")
2026-02-09T11:36:01.797992Z DEBUG rustls::client::tls13: TLS1.3 encrypted extensions: [ServerNameAck, Protocols([ProtocolName(6832)])]
2026-02-09T11:36:01.798037Z DEBUG rustls::client::hs: ALPN protocol is Some(b"h2")
2026-02-09T11:36:01.799492Z DEBUG h2::client: binding client connection
2026-02-09T11:36:01.799499Z DEBUG h2::client: binding client connection
2026-02-09T11:36:01.799539Z DEBUG h2::client: client connection bound
2026-02-09T11:36:01.799561Z DEBUG h2::client: client connection bound
2026-02-09T11:36:01.799947Z DEBUG h2::codec::framed_write: send frame=Settings { flags: (0x0), enable_push: 0, initial_window_size: 2097152, max_frame_size: 16384 }
2026-02-09T11:36:01.799963Z DEBUG h2::codec::framed_write: send frame=Settings { flags: (0x0), enable_push: 0, initial_window_size: 2097152, max_frame_size: 16384 }
2026-02-09T11:36:01.800544Z DEBUG hyper::client::pool: pooling idle connection for ("https", api.telegram.org)
2026-02-09T11:36:01.800862Z DEBUG hyper::client::pool: pooling idle connection for ("https", api.telegram.org)
2026-02-09T11:36:01.800940Z DEBUG Connection{peer=Client}: h2::codec::framed_write: send frame=WindowUpdate { stream_id: StreamId(0), size_increment: 5177345 }
2026-02-09T11:36:01.801185Z DEBUG Connection{peer=Client}: h2::codec::framed_write: send frame=WindowUpdate { stream_id: StreamId(0), size_increment: 5177345 }
2026-02-09T11:36:01.801249Z DEBUG Connection{peer=Client}: h2::codec::framed_write: send frame=Headers { stream_id: StreamId(1), flags: (0x4: END_HEADERS) }
2026-02-09T11:36:01.801290Z DEBUG Connection{peer=Client}: h2::codec::framed_write: send frame=Data { stream_id: StreamId(1), flags: (0x1: END_STREAM) }
2026-02-09T11:36:01.801292Z DEBUG Connection{peer=Client}: h2::codec::framed_write: send frame=Headers { stream_id: StreamId(1), flags: (0x4: END_HEADERS) }
2026-02-09T11:36:01.801329Z DEBUG Connection{peer=Client}: h2::codec::framed_write: send frame=Data { stream_id: StreamId(1), flags: (0x1: END_STREAM) }
2026-02-09T11:36:01.828406Z DEBUG Connection{peer=Client}: h2::codec::framed_read: received frame=Settings { flags: (0x0), max_concurrent_streams: 128, initial_window_size: 65536, max_frame_size: 16777215 }
2026-02-09T11:36:01.828482Z DEBUG Connection{peer=Client}: h2::codec::framed_write: send frame=Settings { flags: (0x1: ACK) }
2026-02-09T11:36:01.828502Z DEBUG Connection{peer=Client}: h2::codec::framed_read: received frame=WindowUpdate { stream_id: StreamId(0), size_increment: 2147418112 }
2026-02-09T11:36:01.830210Z DEBUG Connection{peer=Client}: h2::codec::framed_read: received frame=Settings { flags: (0x0), max_concurrent_streams: 128, initial_window_size: 65536, max_frame_size: 16777215 }
2026-02-09T11:36:01.830290Z DEBUG Connection{peer=Client}: h2::codec::framed_write: send frame=Settings { flags: (0x1: ACK) }
2026-02-09T11:36:01.830310Z DEBUG Connection{peer=Client}: h2::codec::framed_read: received frame=WindowUpdate { stream_id: StreamId(0), size_increment: 2147418112 }
2026-02-09T11:36:01.830456Z DEBUG Connection{peer=Client}: h2::codec::framed_read: received frame=Settings { flags: (0x1: ACK) }
2026-02-09T11:36:01.830472Z DEBUG Connection{peer=Client}: h2::proto::settings: received settings ACK; applying Settings { flags: (0x0), enable_push: 0, initial_window_size: 2097152, max_frame_size: 16384 }
2026-02-09T11:36:01.830722Z DEBUG Connection{peer=Client}: h2::codec::framed_read: received frame=WindowUpdate { stream_id: StreamId(1), size_increment: 2147418111 }
2026-02-09T11:36:01.831619Z DEBUG Connection{peer=Client}: h2::codec::framed_read: received frame=Settings { flags: (0x1: ACK) }
2026-02-09T11:36:01.831699Z DEBUG Connection{peer=Client}: h2::proto::settings: received settings ACK; applying Settings { flags: (0x0), enable_push: 0, initial_window_size: 2097152, max_frame_size: 16384 }
2026-02-09T11:36:01.831748Z DEBUG Connection{peer=Client}: h2::codec::framed_read: received frame=WindowUpdate { stream_id: StreamId(1), size_increment: 2147418111 }
2026-02-09T11:36:01.850950Z DEBUG Connection{peer=Client}: h2::codec::framed_read: received frame=Headers { stream_id: StreamId(1), flags: (0x4: END_HEADERS) }
2026-02-09T11:36:01.851058Z DEBUG Connection{peer=Client}: h2::codec::framed_read: received frame=Data { stream_id: StreamId(1), flags: (0x1: END_STREAM) }
2026-02-09T11:36:01.852377Z  INFO ralph_telegram::service: Registered bot commands with Telegram API
2026-02-09T11:36:01.852455Z  INFO ralph_telegram::service: Telegram polling task started loop_id=main
2026-02-09T11:36:01.852558Z DEBUG hyper::client::pool: reuse idle connection for ("https", api.telegram.org)
2026-02-09T11:36:01.852711Z DEBUG Connection{peer=Client}: h2::codec::framed_write: send frame=Headers { stream_id: StreamId(3), flags: (0x4: END_HEADERS) }
2026-02-09T11:36:01.852756Z DEBUG Connection{peer=Client}: h2::codec::framed_write: send frame=Data { stream_id: StreamId(3), flags: (0x1: END_STREAM) }
2026-02-09T11:36:01.873491Z DEBUG Connection{peer=Client}: h2::codec::framed_read: received frame=Headers { stream_id: StreamId(1), flags: (0x4: END_HEADERS) }
2026-02-09T11:36:01.873591Z DEBUG Connection{peer=Client}: h2::codec::framed_read: received frame=Data { stream_id: StreamId(1), flags: (0x1: END_STREAM) }
2026-02-09T11:36:01.875887Z  INFO ralph_telegram::service: Sent greeting to chat 297904643
2026-02-09T11:36:01.875949Z  INFO ralph_telegram::service: Telegram service started — polling for incoming messages
2026-02-09T11:36:01.875958Z  INFO ralph::loop_runner: Robot human-in-the-loop service active bot_token=8028...3q6I timeout_secs=120
2026-02-09T11:36:01.876000Z DEBUG ralph_core::event_loop: Published task.start event topic="task.start"
2026-02-09T11:36:01.876258Z DEBUG ralph_core::event_logger: Event logged topic=task.start iteration=0
2026-02-09T11:36:01.884252Z DEBUG Connection{peer=Client}: h2::codec::framed_read: received frame=WindowUpdate { stream_id: StreamId(3), size_increment: 2147418111 }
2026-02-09T11:36:01.884401Z DEBUG Connection{peer=Client}: h2::codec::framed_read: received frame=Headers { stream_id: StreamId(3), flags: (0x4: END_HEADERS) }
2026-02-09T11:36:01.884433Z DEBUG Connection{peer=Client}: h2::codec::framed_read: received frame=Data { stream_id: StreamId(3), flags: (0x1: END_STREAM) }
2026-02-09T11:36:01.884717Z  INFO ralph_telegram::service: Received Telegram message chat_id=297904643 text=/start
2026-02-09T11:36:01.884915Z  INFO ralph_telegram::handler: wrote human.guidance event for loop main topic="human.guidance" target_loop="main"
2026-02-09T11:36:01.884991Z DEBUG hyper::client::pool: reuse idle connection for ("https", api.telegram.org)
2026-02-09T11:36:01.885119Z DEBUG Connection{peer=Client}: h2::codec::framed_write: send frame=Headers { stream_id: StreamId(5), flags: (0x4: END_HEADERS) }
2026-02-09T11:36:01.885170Z DEBUG Connection{peer=Client}: h2::codec::framed_write: send frame=Data { stream_id: StreamId(5), flags: (0x1: END_STREAM) }
2026-02-09T11:36:01.914919Z DEBUG Connection{peer=Client}: h2::codec::framed_read: received frame=WindowUpdate { stream_id: StreamId(5), size_increment: 2147418111 }
2026-02-09T11:36:01.935181Z DEBUG Connection{peer=Client}: h2::codec::framed_read: received frame=Headers { stream_id: StreamId(5), flags: (0x4: END_HEADERS) }
2026-02-09T11:36:01.935225Z DEBUG Connection{peer=Client}: h2::codec::framed_read: received frame=Data { stream_id: StreamId(5), flags: (0x1: END_STREAM) }
2026-02-09T11:36:01.935339Z DEBUG hyper::client::pool: reuse idle connection for ("https", api.telegram.org)
2026-02-09T11:36:01.935382Z DEBUG Connection{peer=Client}: h2::codec::framed_write: send frame=Headers { stream_id: StreamId(7), flags: (0x4: END_HEADERS) }
2026-02-09T11:36:01.935401Z DEBUG Connection{peer=Client}: h2::codec::framed_write: send frame=Data { stream_id: StreamId(7), flags: (0x1: END_STREAM) }
2026-02-09T11:36:01.964958Z DEBUG Connection{peer=Client}: h2::codec::framed_read: received frame=WindowUpdate { stream_id: StreamId(7), size_increment: 2147418111 }
2026-02-09T11:36:01.978527Z DEBUG ralph::loop_runner: Execution mode configured execution_mode=autonomous
2026-02-09T11:36:01.978973Z DEBUG ralph::loop_runner: Iteration 1/100 - ralph active
2026-02-09T11:36:01.979159Z  INFO ralph_core::event_loop: Memory injection check: enabled=true, inject=Auto, workspace_root="/home/davide/code/tmp/YtReader"
2026-02-09T11:36:01.979194Z  INFO ralph_core::event_loop: Looking for memories at: "/home/davide/code/tmp/YtReader/.ralph/agent/memories.md" (exists: false)
2026-02-09T11:36:01.979212Z  INFO ralph_core::event_loop: Successfully loaded 0 memories from store
2026-02-09T11:36:01.979219Z  INFO ralph_core::event_loop: Memory store is empty - no memories to inject
2026-02-09T11:36:01.979251Z DEBUG ralph_core::event_loop: Injected ralph-tools skill from registry
2026-02-09T11:36:01.979263Z DEBUG ralph_core::event_loop: Injected robot interaction skill from registry
2026-02-09T11:36:01.979292Z DEBUG ralph_core::event_loop: Scratchpad not found at "/home/davide/code/tmp/YtReader/.ralph/agent/scratchpad.md", skipping injection
2026-02-09T11:36:01.979317Z DEBUG ralph_core::event_loop: build_prompt: routing to HatlessRalph (solo mode)
2026-02-09T11:36:01.980996Z DEBUG ralph::loop_runner: Using global backend for 'ralph': opencode
2026-02-09T11:36:01.982631Z DEBUG ralph_adapters::cli_backend: Built CLI command command=opencode args_count=2 prompt_len=18126 interactive=false uses_stdin=false uses_temp_file=false
2026-02-09T11:36:01.985935Z DEBUG ralph_adapters::pty_executor: Spawning PTY output reader thread (streaming mode)
2026-02-09T11:36:02.015289Z DEBUG Connection{peer=Client}: h2::codec::framed_read: received frame=Headers { stream_id: StreamId(7), flags: (0x4: END_HEADERS) }
2026-02-09T11:36:02.015329Z DEBUG Connection{peer=Client}: h2::codec::framed_read: received frame=Data { stream_id: StreamId(7), flags: (0x1: END_STREAM) }
2026-02-09T11:36:02.015666Z DEBUG hyper::client::pool: reuse idle connection for ("https", api.telegram.org)
2026-02-09T11:36:02.015710Z DEBUG Connection{peer=Client}: h2::codec::framed_write: send frame=Headers { stream_id: StreamId(9), flags: (0x4: END_HEADERS) }
2026-02-09T11:36:02.015725Z DEBUG Connection{peer=Client}: h2::codec::framed_write: send frame=Data { stream_id: StreamId(9), flags: (0x1: END_STREAM) }
2026-02-09T11:36:02.045370Z DEBUG Connection{peer=Client}: h2::codec::framed_read: received frame=WindowUpdate { stream_id: StreamId(9), size_increment: 2147418111 }
2026-02-09T11:36:04.567637Z  INFO ralph_tui::app: Ctrl+C detected, signaling main loop
2026-02-09T11:36:04.567682Z DEBUG ralph_adapters::pty_executor: Interrupt received in streaming observe mode, terminating
2026-02-09T11:36:04.567691Z DEBUG ralph_adapters::pty_executor: Sending SIGTERM pid=38668
2026-02-09T11:36:04.567724Z DEBUG ralph::loop_runner: Sending SIGTERM to process group 38636
2026-02-09T11:36:04.567947Z DEBUG ralph::loop_runner: SIGTERM received, terminating immediately...
2026-02-09T11:36:04.599664Z DEBUG ralph_adapters::pty_executor: PTY reader: EOF
